<?xml version="1.0" encoding="UTF-8"?>
<!-- Generated by org.testng.reporters.JUnitReportReporter -->
<testsuite skipped="0" hostname="DESKTOP-HS198AQ" name="Tests.TestCase_Dashbord" tests="1" failures="0" timestamp="2019-09-03T14:41:40 IST" time="7.848" errors="0">
  <testcase name="f" time="7.848" classname="Tests.TestCase_Dashbord"/>
</testsuite> <!-- Tests.TestCase_Dashbord -->
