<?xml version="1.0" encoding="UTF-8"?>
<!-- Generated by org.testng.reporters.JUnitReportReporter -->
<testsuite skipped="0" hostname="DESKTOP-HS198AQ" name="com.datamato.tests.DashbordTest" tests="1" failures="0" timestamp="2019-09-04T14:42:49 IST" time="2.296" errors="0">
  <testcase name="Dashboard" time="2.296" classname="com.datamato.tests.DashbordTest"/>
</testsuite> <!-- com.datamato.tests.DashbordTest -->
