<?xml version="1.0" encoding="UTF-8"?>
<!-- Generated by org.testng.reporters.JUnitReportReporter -->
<testsuite skipped="0" hostname="DESKTOP-HS198AQ" name="com.datamato.tests.TestCase_Login" tests="1" failures="0" timestamp="2019-09-04T10:40:13 IST" time="2.469" errors="0">
  <testcase name="f" time="2.469" classname="com.datamato.tests.TestCase_Login"/>
</testsuite> <!-- com.datamato.tests.TestCase_Login -->
