<?xml version="1.0" encoding="UTF-8"?>
<!-- Generated by org.testng.reporters.JUnitReportReporter -->
<testsuite skipped="0" hostname="DESKTOP-HS198AQ" name="Tests.TestCase_Login" tests="1" failures="0" timestamp="2019-09-03T17:06:43 IST" time="7.502" errors="0">
  <testcase name="f" time="7.502" classname="Tests.TestCase_Login"/>
</testsuite> <!-- Tests.TestCase_Login -->
