<?xml version="1.0" encoding="UTF-8"?>
<!-- Generated by org.testng.reporters.JUnitReportReporter -->
<testsuite skipped="0" hostname="DESKTOP-HS198AQ" name="com.changemanagement.TestCase_Dashbord" tests="1" failures="0" timestamp="2019-09-03T12:48:08 IST" time="9.628" errors="0">
  <testcase name="f" time="9.628" classname="com.changemanagement.TestCase_Dashbord"/>
</testsuite> <!-- com.changemanagement.TestCase_Dashbord -->
